<?xml version="1.0" encoding="UTF-8"?>
<testsuite name="Game Entity Tests" tests="1" skipped="0" failures="0" errors="0" timestamp="2025-10-09T23:24:18.379Z" hostname="JESUS2025" time="0.01">
  <properties/>
  <testcase name="Parameterized constructor should set all fields" classname="com.example.sportsbetting.app.entities.GameTest" time="0.01"/>
  <system-out><![CDATA[2025-10-09T16:24:18.308-07:00  INFO 17196 --- [    Test worker] t.c.s.AnnotationConfigContextLoaderUtils : Could not detect default configuration classes for test class [com.example.sportsbetting.app.entities.GameTest]: GameTest does not declare any static, non-private, non-final, nested classes annotated with @Configuration.
2025-10-09T16:24:18.314-07:00  INFO 17196 --- [    Test worker] .b.t.c.SpringBootTestContextBootstrapper : Found @SpringBootConfiguration com.example.sportsbetting.Application for test class com.example.sportsbetting.app.entities.GameTest
]]></system-out>
  <system-err><![CDATA[]]></system-err>
</testsuite>
