<?xml version="1.0" encoding="UTF-8"?>
<testsuite name="Favorite Search Tests" tests="1" skipped="0" failures="0" errors="0" timestamp="2025-10-09T23:26:31.873Z" hostname="JESUS2025" time="0.672">
  <properties/>
  <testcase name="Search Favorite by User ID" classname="com.example.sportsbetting.app.entities.FavSearchTest" time="0.672"/>
  <system-out><![CDATA[]]></system-out>
  <system-err><![CDATA[]]></system-err>
</testsuite>
