<?xml version="1.0" encoding="UTF-8"?>
<testsuite name="Team Entity Tests" tests="14" skipped="0" failures="0" errors="0" timestamp="2025-10-02T21:00:38.140Z" hostname="codespaces-aad2a4" time="0.142">
  <properties/>
  <testcase name="Parameterized constructor should set name, division, and conference" classname="com.example.sportsbetting.app.entities.TeamTest" time="0.008"/>
  <testcase name="toString() should contain all team information" classname="com.example.sportsbetting.app.entities.TeamTest" time="0.008"/>
  <testcase name="Setters and getters should work correctly" classname="com.example.sportsbetting.app.entities.TeamTest" time="0.007"/>
  <testcase name="toString() should handle null values gracefully" classname="com.example.sportsbetting.app.entities.TeamTest" time="0.009"/>
  <testcase name="hashCode() should be consistent" classname="com.example.sportsbetting.app.entities.TeamTest" time="0.012"/>
  <testcase name="hashCode() should be equal for equal objects" classname="com.example.sportsbetting.app.entities.TeamTest" time="0.011"/>
  <testcase name="Constructor with ID should set all fields" classname="com.example.sportsbetting.app.entities.TeamTest" time="0.008"/>
  <testcase name="equals() should return true for teams with same content" classname="com.example.sportsbetting.app.entities.TeamTest" time="0.005"/>
  <testcase name="equals() should return false for teams with different content" classname="com.example.sportsbetting.app.entities.TeamTest" time="0.008"/>
  <testcase name="equals() should return false when compared to different type" classname="com.example.sportsbetting.app.entities.TeamTest" time="0.007"/>
  <testcase name="equals() should return true when object is compared to itself" classname="com.example.sportsbetting.app.entities.TeamTest" time="0.007"/>
  <testcase name="Should add and delete a team" classname="com.example.sportsbetting.app.entities.TeamTest" time="0.009"/>
  <testcase name="Default constructor should create empty team" classname="com.example.sportsbetting.app.entities.TeamTest" time="0.007"/>
  <testcase name="equals() should return false when compared to null" classname="com.example.sportsbetting.app.entities.TeamTest" time="0.007"/>
  <system-out><![CDATA[2025-10-02T21:00:37.982Z  INFO 184843 --- [    Test worker] t.c.s.AnnotationConfigContextLoaderUtils : Could not detect default configuration classes for test class [com.example.sportsbetting.app.entities.TeamTest]: TeamTest does not declare any static, non-private, non-final, nested classes annotated with @Configuration.
2025-10-02T21:00:37.987Z  INFO 184843 --- [    Test worker] .b.t.c.SpringBootTestContextBootstrapper : Found @SpringBootConfiguration com.example.sportsbetting.Application for test class com.example.sportsbetting.app.entities.TeamTest
]]></system-out>
  <system-err><![CDATA[]]></system-err>
</testsuite>
