<?xml version="1.0" encoding="UTF-8"?>
<testsuite name="Favorite Search Tests" tests="1" skipped="0" failures="0" errors="0" timestamp="2025-10-09T21:38:25.170Z" hostname="JESUS2025" time="1.182">
  <properties/>
  <testcase name="Search Favorite by User ID" classname="com.example.sportsbetting.app.entities.FavSearchTest" time="1.182"/>
  <system-out><![CDATA[]]></system-out>
  <system-err><![CDATA[]]></system-err>
</testsuite>
