<?xml version="1.0" encoding="UTF-8"?>
<testsuite name="User Entity Tests" tests="13" skipped="0" failures="0" errors="0" timestamp="2025-10-01T02:01:43.316Z" hostname="codespaces-ec1ca7" time="0.303">
  <properties/>
  <testcase name="Parameterized constructor should set username, email, and password" classname="com.example.sportsbetting.app.entities.UserTest" time="0.058"/>
  <testcase name="toString() should contain all user information" classname="com.example.sportsbetting.app.entities.UserTest" time="0.031"/>
  <testcase name="Setters and getters should work correctly" classname="com.example.sportsbetting.app.entities.UserTest" time="0.013"/>
  <testcase name="toString() should handle null values gracefully" classname="com.example.sportsbetting.app.entities.UserTest" time="0.019"/>
  <testcase name="hashCode() should be consistent" classname="com.example.sportsbetting.app.entities.UserTest" time="0.017"/>
  <testcase name="hashCode() should be equal for equal objects" classname="com.example.sportsbetting.app.entities.UserTest" time="0.009"/>
  <testcase name="equals() should return true for users with same content" classname="com.example.sportsbetting.app.entities.UserTest" time="0.009"/>
  <testcase name="equals() should return false for users with different content" classname="com.example.sportsbetting.app.entities.UserTest" time="0.008"/>
  <testcase name="equals() should return false when compared to different type" classname="com.example.sportsbetting.app.entities.UserTest" time="0.008"/>
  <testcase name="equals() should return true when object is compared to itself" classname="com.example.sportsbetting.app.entities.UserTest" time="0.007"/>
  <testcase name="Should add and delete a user" classname="com.example.sportsbetting.app.entities.UserTest" time="0.054"/>
  <testcase name="Default constructor should create empty user" classname="com.example.sportsbetting.app.entities.UserTest" time="0.02"/>
  <testcase name="equals() should return false when compared to null" classname="com.example.sportsbetting.app.entities.UserTest" time="0.006"/>
  <system-out><![CDATA[2025-10-01T02:01:40.087Z  INFO 37874 --- [app] [    Test worker] t.c.s.AnnotationConfigContextLoaderUtils : Could not detect default configuration classes for test class [com.example.sportsbetting.app.entities.UserTest]: UserTest does not declare any static, non-private, non-final, nested classes annotated with @Configuration.
2025-10-01T02:01:40.116Z  INFO 37874 --- [app] [    Test worker] .b.t.c.SpringBootTestContextBootstrapper : Found @SpringBootConfiguration com.example.sportsbetting.Application for test class com.example.sportsbetting.app.entities.UserTest

  .   ____          _            __ _ _
 /\\ / ___'_ __ _ _(_)_ __  __ _ \ \ \ \
( ( )\___ | '_ | '_| | '_ \/ _` | \ \ \ \
 \\/  ___)| |_)| | | | | || (_| |  ) ) ) )
  '  |____| .__|_| |_|_| |_\__, | / / / /
 =========|_|==============|___/=/_/_/_/

 :: Spring Boot ::       (v3.5.7-SNAPSHOT)

2025-10-01T02:01:40.177Z  INFO 37874 --- [app] [    Test worker] c.e.sportsbetting.app.entities.UserTest  : Starting UserTest using Java 17.0.16 with PID 37874 (started by codespace in /workspaces/project02_backend_RESTAPI)
2025-10-01T02:01:40.178Z  INFO 37874 --- [app] [    Test worker] c.e.sportsbetting.app.entities.UserTest  : No active profile set, falling back to 1 default profile: "default"
2025-10-01T02:01:40.395Z  INFO 37874 --- [app] [    Test worker] .s.d.r.c.RepositoryConfigurationDelegate : Bootstrapping Spring Data JPA repositories in DEFAULT mode.
2025-10-01T02:01:40.404Z  INFO 37874 --- [app] [    Test worker] .s.d.r.c.RepositoryConfigurationDelegate : Finished Spring Data repository scanning in 6 ms. Found 1 JPA repository interface.
2025-10-01T02:01:41.323Z  INFO 37874 --- [app] [    Test worker] o.hibernate.jpa.internal.util.LogHelper  : HHH000204: Processing PersistenceUnitInfo [name: default]
2025-10-01T02:01:41.333Z  INFO 37874 --- [app] [    Test worker] o.h.c.internal.RegionFactoryInitiator    : HHH000026: Second-level cache disabled
2025-10-01T02:01:41.374Z  INFO 37874 --- [app] [    Test worker] o.s.o.j.p.SpringPersistenceUnitInfo      : No LoadTimeWeaver setup: ignoring JPA class transformer
2025-10-01T02:01:41.375Z  INFO 37874 --- [app] [    Test worker] com.zaxxer.hikari.HikariDataSource       : HikariPool-2 - Starting...
2025-10-01T02:01:42.218Z  INFO 37874 --- [app] [    Test worker] com.zaxxer.hikari.pool.HikariPool        : HikariPool-2 - Added connection com.mysql.cj.jdbc.ConnectionImpl@1a2d9177
2025-10-01T02:01:42.220Z  INFO 37874 --- [app] [    Test worker] com.zaxxer.hikari.HikariDataSource       : HikariPool-2 - Start completed.
2025-10-01T02:01:42.288Z  WARN 37874 --- [app] [    Test worker] org.hibernate.orm.deprecation            : HHH90000025: MySQLDialect does not need to be specified explicitly using 'hibernate.dialect' (remove the property setting and it will be selected by default)
2025-10-01T02:01:42.291Z  INFO 37874 --- [app] [    Test worker] org.hibernate.orm.connections.pooling    : HHH10001005: Database info:
	Database JDBC URL [Connecting through datasource 'HikariDataSource (HikariPool-2)']
	Database driver: undefined/unknown
	Database version: 8.0.40
	Autocommit mode: undefined/unknown
	Isolation level: undefined/unknown
	Minimum pool size: undefined/unknown
	Maximum pool size: undefined/unknown
2025-10-01T02:01:42.365Z  INFO 37874 --- [app] [    Test worker] o.h.e.t.j.p.i.JtaPlatformInitiator       : HHH000489: No JTA platform available (set 'hibernate.transaction.jta.platform' to enable JTA platform integration)
2025-10-01T02:01:42.524Z  INFO 37874 --- [app] [    Test worker] j.LocalContainerEntityManagerFactoryBean : Initialized JPA EntityManagerFactory for persistence unit 'default'
2025-10-01T02:01:42.706Z  WARN 37874 --- [app] [    Test worker] JpaBaseConfiguration$JpaWebConfiguration : spring.jpa.open-in-view is enabled by default. Therefore, database queries may be performed during view rendering. Explicitly configure spring.jpa.open-in-view to disable this warning
2025-10-01T02:01:43.065Z  WARN 37874 --- [app] [    Test worker] ion$DefaultTemplateResolverConfiguration : Cannot find template location: classpath:/templates/ (please add some templates, check your Thymeleaf configuration, or set spring.thymeleaf.check-template-location=false)
2025-10-01T02:01:43.273Z  INFO 37874 --- [app] [    Test worker] c.e.sportsbetting.app.entities.UserTest  : Started UserTest in 3.141 seconds (process running for 12.805)
2025-10-01T02:01:43.303Z  INFO 37874 --- [app] [    Test worker] com.example.sportsbetting.LoadDatabase   : Preloaded user: test (test@gmail.com)
2025-10-01T02:01:43.304Z  INFO 37874 --- [app] [    Test worker] com.example.sportsbetting.LoadDatabase   : Preloaded user: admin (admin@gmail.com)
]]></system-out>
  <system-err><![CDATA[]]></system-err>
</testsuite>
