<?xml version="1.0" encoding="UTF-8"?>
<testsuite name="com.example.sportsbetting.app.ApplicationTests" tests="1" skipped="0" failures="0" errors="0" timestamp="2025-10-09T23:26:31.064Z" hostname="JESUS2025" time="0.787">
  <properties/>
  <testcase name="contextLoads()" classname="com.example.sportsbetting.app.ApplicationTests" time="0.787"/>
  <system-out><![CDATA[16:26:13.163 [Test worker] INFO org.springframework.test.context.support.AnnotationConfigContextLoaderUtils -- Could not detect default configuration classes for test class [com.example.sportsbetting.app.ApplicationTests]: ApplicationTests does not declare any static, non-private, non-final, nested classes annotated with @Configuration.
16:26:13.424 [Test worker] INFO org.springframework.boot.test.context.SpringBootTestContextBootstrapper -- Found @SpringBootConfiguration com.example.sportsbetting.Application for test class com.example.sportsbetting.app.ApplicationTests

  .   ____          _            __ _ _
 /\\ / ___'_ __ _ _(_)_ __  __ _ \ \ \ \
( ( )\___ | '_ | '_| | '_ \/ _` | \ \ \ \
 \\/  ___)| |_)| | | | | || (_| |  ) ) ) )
  '  |____| .__|_| |_|_| |_\__, | / / / /
 =========|_|==============|___/=/_/_/_/

 :: Spring Boot ::       (v3.5.7-SNAPSHOT)

2025-10-09T16:26:14.059-07:00  INFO 31848 --- [    Test worker] c.e.sportsbetting.app.ApplicationTests   : Starting ApplicationTests using Java 17.0.16 with PID 31848 (started by garci in C:\Users\garci\OneDrive\Desktop\project02_backend_RESTAPI-main)
2025-10-09T16:26:14.061-07:00  INFO 31848 --- [    Test worker] c.e.sportsbetting.app.ApplicationTests   : No active profile set, falling back to 1 default profile: "default"
2025-10-09T16:26:15.313-07:00  INFO 31848 --- [    Test worker] .s.d.r.c.RepositoryConfigurationDelegate : Bootstrapping Spring Data JPA repositories in DEFAULT mode.
2025-10-09T16:26:15.414-07:00  INFO 31848 --- [    Test worker] .s.d.r.c.RepositoryConfigurationDelegate : Finished Spring Data repository scanning in 82 ms. Found 5 JPA repository interfaces.
2025-10-09T16:26:16.713-07:00  INFO 31848 --- [    Test worker] o.hibernate.jpa.internal.util.LogHelper  : HHH000204: Processing PersistenceUnitInfo [name: default]
2025-10-09T16:26:16.823-07:00  INFO 31848 --- [    Test worker] org.hibernate.Version                    : HHH000412: Hibernate ORM core version 6.6.29.Final
2025-10-09T16:26:16.865-07:00  INFO 31848 --- [    Test worker] o.h.c.internal.RegionFactoryInitiator    : HHH000026: Second-level cache disabled
2025-10-09T16:26:17.402-07:00  INFO 31848 --- [    Test worker] o.s.o.j.p.SpringPersistenceUnitInfo      : No LoadTimeWeaver setup: ignoring JPA class transformer
2025-10-09T16:26:17.475-07:00  INFO 31848 --- [    Test worker] com.zaxxer.hikari.HikariDataSource       : HikariPool-1 - Starting...
2025-10-09T16:26:18.971-07:00  INFO 31848 --- [    Test worker] com.zaxxer.hikari.pool.HikariPool        : HikariPool-1 - Added connection com.mysql.cj.jdbc.ConnectionImpl@41f90b10
2025-10-09T16:26:18.974-07:00  INFO 31848 --- [    Test worker] com.zaxxer.hikari.HikariDataSource       : HikariPool-1 - Start completed.
2025-10-09T16:26:19.148-07:00  WARN 31848 --- [    Test worker] org.hibernate.orm.deprecation            : HHH90000025: MySQL8Dialect does not need to be specified explicitly using 'hibernate.dialect' (remove the property setting and it will be selected by default)
2025-10-09T16:26:19.150-07:00  WARN 31848 --- [    Test worker] org.hibernate.orm.deprecation            : HHH90000026: MySQL8Dialect has been deprecated; use org.hibernate.dialect.MySQLDialect instead
2025-10-09T16:26:19.172-07:00  INFO 31848 --- [    Test worker] org.hibernate.orm.connections.pooling    : HHH10001005: Database info:
	Database JDBC URL [Connecting through datasource 'HikariDataSource (HikariPool-1)']
	Database driver: undefined/unknown
	Database version: 8.0
	Autocommit mode: undefined/unknown
	Isolation level: undefined/unknown
	Minimum pool size: undefined/unknown
	Maximum pool size: undefined/unknown
2025-10-09T16:26:20.248-07:00  INFO 31848 --- [    Test worker] o.h.e.t.j.p.i.JtaPlatformInitiator       : HHH000489: No JTA platform available (set 'hibernate.transaction.jta.platform' to enable JTA platform integration)
2025-10-09T16:26:21.973-07:00  INFO 31848 --- [    Test worker] j.LocalContainerEntityManagerFactoryBean : Initialized JPA EntityManagerFactory for persistence unit 'default'
2025-10-09T16:26:22.848-07:00  WARN 31848 --- [    Test worker] JpaBaseConfiguration$JpaWebConfiguration : spring.jpa.open-in-view is enabled by default. Therefore, database queries may be performed during view rendering. Explicitly configure spring.jpa.open-in-view to disable this warning
2025-10-09T16:26:23.344-07:00  WARN 31848 --- [    Test worker] ion$DefaultTemplateResolverConfiguration : Cannot find template location: classpath:/templates/ (please add some templates, check your Thymeleaf configuration, or set spring.thymeleaf.check-template-location=false)
2025-10-09T16:26:23.590-07:00  INFO 31848 --- [    Test worker] c.e.sportsbetting.app.ApplicationTests   : Started ApplicationTests in 9.955 seconds (process running for 11.641)
Hibernate: select count(*) from users u1_0
2025-10-09T16:26:24.928-07:00  INFO 31848 --- [    Test worker] com.example.sportsbetting.LoadDatabase   : Users already exist, skipping preload
Hibernate: select count(*) from team t1_0 where t1_0.teamid=?
Hibernate: select t1_0.teamid,t1_0.division,t1_0.conference,t1_0.name from team t1_0 where t1_0.teamid=?
2025-10-09T16:26:26.363-07:00  INFO 31848 --- [    Test worker] com.example.sportsbetting.LoadDatabase   : NBA teams already exist, skipping preload
Hibernate: select s1_0.stat_id,s1_0.assists,s1_0.fgpercent,s1_0.pgpercent,s1_0.rebound,s1_0.teamid,s1_0.team_name,s1_0.turnovers,s1_0.win_percent from stat s1_0 where s1_0.stat_id=?
2025-10-09T16:26:26.592-07:00  WARN 31848 --- [    Test worker] o.h.p.entity.AbstractEntityPersister     : HHH000502: The [team] property of the [com.example.sportsbetting.entities.Stat] entity was modified, but it won't be updated because the property is immutable.
Hibernate: select s1_0.stat_id,s1_0.assists,s1_0.fgpercent,s1_0.pgpercent,s1_0.rebound,s1_0.teamid,s1_0.team_name,s1_0.turnovers,s1_0.win_percent from stat s1_0 where s1_0.stat_id=?
2025-10-09T16:26:26.966-07:00  WARN 31848 --- [    Test worker] o.h.p.entity.AbstractEntityPersister     : HHH000502: The [team] property of the [com.example.sportsbetting.entities.Stat] entity was modified, but it won't be updated because the property is immutable.
Hibernate: select s1_0.stat_id,s1_0.assists,s1_0.fgpercent,s1_0.pgpercent,s1_0.rebound,s1_0.teamid,s1_0.team_name,s1_0.turnovers,s1_0.win_percent from stat s1_0 where s1_0.stat_id=?
2025-10-09T16:26:27.336-07:00  WARN 31848 --- [    Test worker] o.h.p.entity.AbstractEntityPersister     : HHH000502: The [team] property of the [com.example.sportsbetting.entities.Stat] entity was modified, but it won't be updated because the property is immutable.
Hibernate: select s1_0.stat_id,s1_0.assists,s1_0.fgpercent,s1_0.pgpercent,s1_0.rebound,s1_0.teamid,s1_0.team_name,s1_0.turnovers,s1_0.win_percent from stat s1_0 where s1_0.stat_id=?
2025-10-09T16:26:27.716-07:00  WARN 31848 --- [    Test worker] o.h.p.entity.AbstractEntityPersister     : HHH000502: The [team] property of the [com.example.sportsbetting.entities.Stat] entity was modified, but it won't be updated because the property is immutable.
Hibernate: select s1_0.stat_id,s1_0.assists,s1_0.fgpercent,s1_0.pgpercent,s1_0.rebound,s1_0.teamid,s1_0.team_name,s1_0.turnovers,s1_0.win_percent from stat s1_0 where s1_0.stat_id=?
2025-10-09T16:26:28.154-07:00  WARN 31848 --- [    Test worker] o.h.p.entity.AbstractEntityPersister     : HHH000502: The [team] property of the [com.example.sportsbetting.entities.Stat] entity was modified, but it won't be updated because the property is immutable.
Hibernate: select s1_0.stat_id,s1_0.assists,s1_0.fgpercent,s1_0.pgpercent,s1_0.rebound,s1_0.teamid,s1_0.team_name,s1_0.turnovers,s1_0.win_percent from stat s1_0 where s1_0.stat_id=?
2025-10-09T16:26:28.512-07:00  WARN 31848 --- [    Test worker] o.h.p.entity.AbstractEntityPersister     : HHH000502: The [team] property of the [com.example.sportsbetting.entities.Stat] entity was modified, but it won't be updated because the property is immutable.
Hibernate: insert into game (awayteamid,awayteam_name,date,hometeamid,hometeam_name) values (?,?,?,?,?)
Hibernate: insert into game (awayteamid,awayteam_name,date,hometeamid,hometeam_name) values (?,?,?,?,?)
Hibernate: insert into game (awayteamid,awayteam_name,date,hometeamid,hometeam_name) values (?,?,?,?,?)
Hibernate: insert into game (awayteamid,awayteam_name,date,hometeamid,hometeam_name) values (?,?,?,?,?)
Hibernate: insert into game (awayteamid,awayteam_name,date,hometeamid,hometeam_name) values (?,?,?,?,?)
Hibernate: select f1_0.fav,f1_0.teamid,f1_0.team_name,f1_0.userid from fav f1_0 where f1_0.fav=?
2025-10-09T16:26:30.851-07:00  WARN 31848 --- [    Test worker] o.h.p.entity.AbstractEntityPersister     : HHH000502: The [team] property of the [com.example.sportsbetting.entities.Fav] entity was modified, but it won't be updated because the property is immutable.
2025-10-09T16:26:30.853-07:00  WARN 31848 --- [    Test worker] o.h.p.entity.AbstractEntityPersister     : HHH000502: The [user] property of the [com.example.sportsbetting.entities.Fav] entity was modified, but it won't be updated because the property is immutable.
]]></system-out>
  <system-err><![CDATA[]]></system-err>
</testsuite>
