<?xml version="1.0" encoding="UTF-8"?>
<testsuite name="Team Entity Tests" tests="14" skipped="0" failures="0" errors="0" timestamp="2025-10-02T20:34:15.153Z" hostname="codespaces-aad2a4" time="0.387">
  <properties/>
  <testcase name="Parameterized constructor should set name, division, and conference" classname="com.example.sportsbetting.app.entities.TeamTest" time="0.082"/>
  <testcase name="toString() should contain all team information" classname="com.example.sportsbetting.app.entities.TeamTest" time="0.034"/>
  <testcase name="Setters and getters should work correctly" classname="com.example.sportsbetting.app.entities.TeamTest" time="0.018"/>
  <testcase name="toString() should handle null values gracefully" classname="com.example.sportsbetting.app.entities.TeamTest" time="0.018"/>
  <testcase name="hashCode() should be consistent" classname="com.example.sportsbetting.app.entities.TeamTest" time="0.019"/>
  <testcase name="hashCode() should be equal for equal objects" classname="com.example.sportsbetting.app.entities.TeamTest" time="0.016"/>
  <testcase name="Constructor with ID should set all fields" classname="com.example.sportsbetting.app.entities.TeamTest" time="0.013"/>
  <testcase name="equals() should return true for teams with same content" classname="com.example.sportsbetting.app.entities.TeamTest" time="0.007"/>
  <testcase name="equals() should return false for teams with different content" classname="com.example.sportsbetting.app.entities.TeamTest" time="0.012"/>
  <testcase name="equals() should return false when compared to different type" classname="com.example.sportsbetting.app.entities.TeamTest" time="0.014"/>
  <testcase name="equals() should return true when object is compared to itself" classname="com.example.sportsbetting.app.entities.TeamTest" time="0.008"/>
  <testcase name="Should add and delete a team" classname="com.example.sportsbetting.app.entities.TeamTest" time="0.058"/>
  <testcase name="Default constructor should create empty team" classname="com.example.sportsbetting.app.entities.TeamTest" time="0.009"/>
  <testcase name="equals() should return false when compared to null" classname="com.example.sportsbetting.app.entities.TeamTest" time="0.011"/>
  <system-out><![CDATA[2025-10-02T20:34:13.512Z  INFO 165601 --- [    Test worker] t.c.s.AnnotationConfigContextLoaderUtils : Could not detect default configuration classes for test class [com.example.sportsbetting.app.entities.TeamTest]: TeamTest does not declare any static, non-private, non-final, nested classes annotated with @Configuration.
2025-10-02T20:34:13.532Z  INFO 165601 --- [    Test worker] .b.t.c.SpringBootTestContextBootstrapper : Found @SpringBootConfiguration com.example.sportsbetting.Application for test class com.example.sportsbetting.app.entities.TeamTest

  .   ____          _            __ _ _
 /\\ / ___'_ __ _ _(_)_ __  __ _ \ \ \ \
( ( )\___ | '_ | '_| | '_ \/ _` | \ \ \ \
 \\/  ___)| |_)| | | | | || (_| |  ) ) ) )
  '  |____| .__|_| |_|_| |_\__, | / / / /
 =========|_|==============|___/=/_/_/_/

 :: Spring Boot ::       (v3.5.7-SNAPSHOT)

2025-10-02T20:34:13.583Z  INFO 165601 --- [    Test worker] c.e.sportsbetting.app.entities.TeamTest  : Starting TeamTest using Java 17.0.16 with PID 165601 (started by codespace in /workspaces/project02_backend_RESTAPI)
2025-10-02T20:34:13.584Z  INFO 165601 --- [    Test worker] c.e.sportsbetting.app.entities.TeamTest  : The following 1 profile is active: "test"
2025-10-02T20:34:13.844Z  INFO 165601 --- [    Test worker] .s.d.r.c.RepositoryConfigurationDelegate : Bootstrapping Spring Data JPA repositories in DEFAULT mode.
2025-10-02T20:34:13.857Z  INFO 165601 --- [    Test worker] .s.d.r.c.RepositoryConfigurationDelegate : Finished Spring Data repository scanning in 10 ms. Found 3 JPA repository interfaces.
2025-10-02T20:34:14.027Z  INFO 165601 --- [    Test worker] o.hibernate.jpa.internal.util.LogHelper  : HHH000204: Processing PersistenceUnitInfo [name: default]
2025-10-02T20:34:14.034Z  INFO 165601 --- [    Test worker] o.h.c.internal.RegionFactoryInitiator    : HHH000026: Second-level cache disabled
2025-10-02T20:34:14.049Z  INFO 165601 --- [    Test worker] o.s.o.j.p.SpringPersistenceUnitInfo      : No LoadTimeWeaver setup: ignoring JPA class transformer
2025-10-02T20:34:14.051Z  INFO 165601 --- [    Test worker] com.zaxxer.hikari.HikariDataSource       : HikariPool-2 - Starting...
2025-10-02T20:34:14.053Z  INFO 165601 --- [    Test worker] com.zaxxer.hikari.pool.HikariPool        : HikariPool-2 - Added connection conn1: url=jdbc:h2:mem:testdb user=SA
2025-10-02T20:34:14.055Z  INFO 165601 --- [    Test worker] com.zaxxer.hikari.HikariDataSource       : HikariPool-2 - Start completed.
2025-10-02T20:34:14.056Z  WARN 165601 --- [    Test worker] org.hibernate.orm.deprecation            : HHH90000025: H2Dialect does not need to be specified explicitly using 'hibernate.dialect' (remove the property setting and it will be selected by default)
2025-10-02T20:34:14.057Z  INFO 165601 --- [    Test worker] org.hibernate.orm.connections.pooling    : HHH10001005: Database info:
	Database JDBC URL [Connecting through datasource 'HikariDataSource (HikariPool-2)']
	Database driver: undefined/unknown
	Database version: 2.3.232
	Autocommit mode: undefined/unknown
	Isolation level: undefined/unknown
	Minimum pool size: undefined/unknown
	Maximum pool size: undefined/unknown
2025-10-02T20:34:14.102Z  INFO 165601 --- [    Test worker] o.h.e.t.j.p.i.JtaPlatformInitiator       : HHH000489: No JTA platform available (set 'hibernate.transaction.jta.platform' to enable JTA platform integration)
2025-10-02T20:34:14.115Z  INFO 165601 --- [    Test worker] j.LocalContainerEntityManagerFactoryBean : Initialized JPA EntityManagerFactory for persistence unit 'default'
2025-10-02T20:34:14.321Z  WARN 165601 --- [    Test worker] JpaBaseConfiguration$JpaWebConfiguration : spring.jpa.open-in-view is enabled by default. Therefore, database queries may be performed during view rendering. Explicitly configure spring.jpa.open-in-view to disable this warning
2025-10-02T20:34:14.446Z  WARN 165601 --- [    Test worker] ion$DefaultTemplateResolverConfiguration : Cannot find template location: classpath:/templates/ (please add some templates, check your Thymeleaf configuration, or set spring.thymeleaf.check-template-location=false)
2025-10-02T20:34:14.536Z  INFO 165601 --- [    Test worker] c.e.sportsbetting.app.entities.TeamTest  : Started TeamTest in 0.999 seconds (process running for 11.148)
2025-10-02T20:34:14.551Z  INFO 165601 --- [    Test worker] com.example.sportsbetting.LoadDatabase   : Preloaded 2 users from database script
2025-10-02T20:34:14.572Z  INFO 165601 --- [    Test worker] com.example.sportsbetting.LoadDatabase   : Loaded NBA teams, replacing any existing teams
2025-10-02T20:34:14.588Z  INFO 165601 --- [    Test worker] com.example.sportsbetting.LoadDatabase   : Preloaded 6 team stats from database script
]]></system-out>
  <system-err><![CDATA[]]></system-err>
</testsuite>
