<?xml version="1.0" encoding="UTF-8"?>
<testsuite name="User Entity Tests" tests="13" skipped="0" failures="0" errors="0" timestamp="2025-10-02T19:38:44.621Z" hostname="codespaces-aad2a4" time="0.214">
  <properties/>
  <testcase name="Parameterized constructor should set username, email, and password" classname="com.example.sportsbetting.app.entities.UserTest" time="0.029"/>
  <testcase name="toString() should contain all user information" classname="com.example.sportsbetting.app.entities.UserTest" time="0.024"/>
  <testcase name="Setters and getters should work correctly" classname="com.example.sportsbetting.app.entities.UserTest" time="0.014"/>
  <testcase name="toString() should handle null values gracefully" classname="com.example.sportsbetting.app.entities.UserTest" time="0.014"/>
  <testcase name="hashCode() should be consistent" classname="com.example.sportsbetting.app.entities.UserTest" time="0.017"/>
  <testcase name="hashCode() should be equal for equal objects" classname="com.example.sportsbetting.app.entities.UserTest" time="0.01"/>
  <testcase name="equals() should return true for users with same content" classname="com.example.sportsbetting.app.entities.UserTest" time="0.01"/>
  <testcase name="equals() should return false for users with different content" classname="com.example.sportsbetting.app.entities.UserTest" time="0.012"/>
  <testcase name="equals() should return false when compared to different type" classname="com.example.sportsbetting.app.entities.UserTest" time="0.009"/>
  <testcase name="equals() should return true when object is compared to itself" classname="com.example.sportsbetting.app.entities.UserTest" time="0.004"/>
  <testcase name="Should add and delete a user" classname="com.example.sportsbetting.app.entities.UserTest" time="0.03"/>
  <testcase name="Default constructor should create empty user" classname="com.example.sportsbetting.app.entities.UserTest" time="0.006"/>
  <testcase name="equals() should return false when compared to null" classname="com.example.sportsbetting.app.entities.UserTest" time="0.006"/>
  <system-out><![CDATA[2025-10-02T19:38:40.462Z  INFO 122161 --- [    Test worker] t.c.s.AnnotationConfigContextLoaderUtils : Could not detect default configuration classes for test class [com.example.sportsbetting.app.entities.UserTest]: UserTest does not declare any static, non-private, non-final, nested classes annotated with @Configuration.
2025-10-02T19:38:40.486Z  INFO 122161 --- [    Test worker] .b.t.c.SpringBootTestContextBootstrapper : Found @SpringBootConfiguration com.example.sportsbetting.Application for test class com.example.sportsbetting.app.entities.UserTest

  .   ____          _            __ _ _
 /\\ / ___'_ __ _ _(_)_ __  __ _ \ \ \ \
( ( )\___ | '_ | '_| | '_ \/ _` | \ \ \ \
 \\/  ___)| |_)| | | | | || (_| |  ) ) ) )
  '  |____| .__|_| |_|_| |_\__, | / / / /
 =========|_|==============|___/=/_/_/_/

 :: Spring Boot ::       (v3.5.7-SNAPSHOT)

2025-10-02T19:38:40.538Z  INFO 122161 --- [    Test worker] c.e.sportsbetting.app.entities.UserTest  : Starting UserTest using Java 17.0.16 with PID 122161 (started by codespace in /workspaces/project02_backend_RESTAPI)
2025-10-02T19:38:40.538Z  INFO 122161 --- [    Test worker] c.e.sportsbetting.app.entities.UserTest  : No active profile set, falling back to 1 default profile: "default"
2025-10-02T19:38:40.757Z  INFO 122161 --- [    Test worker] .s.d.r.c.RepositoryConfigurationDelegate : Bootstrapping Spring Data JPA repositories in DEFAULT mode.
2025-10-02T19:38:40.774Z  INFO 122161 --- [    Test worker] .s.d.r.c.RepositoryConfigurationDelegate : Finished Spring Data repository scanning in 14 ms. Found 2 JPA repository interfaces.
2025-10-02T19:38:41.725Z  INFO 122161 --- [    Test worker] o.hibernate.jpa.internal.util.LogHelper  : HHH000204: Processing PersistenceUnitInfo [name: default]
2025-10-02T19:38:41.741Z  INFO 122161 --- [    Test worker] o.h.c.internal.RegionFactoryInitiator    : HHH000026: Second-level cache disabled
2025-10-02T19:38:41.789Z  INFO 122161 --- [    Test worker] o.s.o.j.p.SpringPersistenceUnitInfo      : No LoadTimeWeaver setup: ignoring JPA class transformer
2025-10-02T19:38:41.793Z  INFO 122161 --- [    Test worker] com.zaxxer.hikari.HikariDataSource       : HikariPool-2 - Starting...
2025-10-02T19:38:42.660Z  INFO 122161 --- [    Test worker] com.zaxxer.hikari.pool.HikariPool        : HikariPool-2 - Added connection com.mysql.cj.jdbc.ConnectionImpl@df80af2
2025-10-02T19:38:42.662Z  INFO 122161 --- [    Test worker] com.zaxxer.hikari.HikariDataSource       : HikariPool-2 - Start completed.
2025-10-02T19:38:42.733Z  WARN 122161 --- [    Test worker] org.hibernate.orm.deprecation            : HHH90000025: MySQLDialect does not need to be specified explicitly using 'hibernate.dialect' (remove the property setting and it will be selected by default)
2025-10-02T19:38:42.740Z  INFO 122161 --- [    Test worker] org.hibernate.orm.connections.pooling    : HHH10001005: Database info:
	Database JDBC URL [Connecting through datasource 'HikariDataSource (HikariPool-2)']
	Database driver: undefined/unknown
	Database version: 8.0.40
	Autocommit mode: undefined/unknown
	Isolation level: undefined/unknown
	Minimum pool size: undefined/unknown
	Maximum pool size: undefined/unknown
2025-10-02T19:38:42.919Z  INFO 122161 --- [    Test worker] o.h.e.t.j.p.i.JtaPlatformInitiator       : HHH000489: No JTA platform available (set 'hibernate.transaction.jta.platform' to enable JTA platform integration)
2025-10-02T19:38:43.084Z  INFO 122161 --- [    Test worker] j.LocalContainerEntityManagerFactoryBean : Initialized JPA EntityManagerFactory for persistence unit 'default'
2025-10-02T19:38:43.289Z  WARN 122161 --- [    Test worker] JpaBaseConfiguration$JpaWebConfiguration : spring.jpa.open-in-view is enabled by default. Therefore, database queries may be performed during view rendering. Explicitly configure spring.jpa.open-in-view to disable this warning
2025-10-02T19:38:43.595Z  WARN 122161 --- [    Test worker] ion$DefaultTemplateResolverConfiguration : Cannot find template location: classpath:/templates/ (please add some templates, check your Thymeleaf configuration, or set spring.thymeleaf.check-template-location=false)
2025-10-02T19:38:43.743Z  INFO 122161 --- [    Test worker] c.e.sportsbetting.app.entities.UserTest  : Started UserTest in 3.251 seconds (process running for 16.381)
2025-10-02T19:38:43.788Z  INFO 122161 --- [    Test worker] com.example.sportsbetting.LoadDatabase   : Preloaded 2 users from database script
Hibernate: 
    select
        count(*) 
    from
        team t1_0 
    where
        t1_0.teamid=?
Hibernate: 
    select
        t1_0.teamid,
        t1_0.division,
        t1_0.conference,
        t1_0.name 
    from
        team t1_0 
    where
        t1_0.teamid=?
2025-10-02T19:38:44.608Z  INFO 122161 --- [    Test worker] com.example.sportsbetting.LoadDatabase   : NBA teams already exist, skipping preload
]]></system-out>
  <system-err><![CDATA[]]></system-err>
</testsuite>
