<?xml version="1.0" encoding="UTF-8"?>
<testsuite name="User Search Tests" tests="2" skipped="0" failures="0" errors="0" timestamp="2025-10-06T22:32:04.341Z" hostname="codespaces-fe7fcc" time="0.004">
  <properties/>
  <testcase name="Search User by ID" classname="com.example.sportsbetting.app.repositories.UserSearchTest" time="0.002"/>
  <testcase name="Search User by Username" classname="com.example.sportsbetting.app.repositories.UserSearchTest" time="0.001"/>
  <system-out><![CDATA[]]></system-out>
  <system-err><![CDATA[]]></system-err>
</testsuite>
