<?xml version="1.0" encoding="UTF-8"?>
<testsuite name="Stat Entity Tests" tests="14" skipped="0" failures="0" errors="0" timestamp="2025-10-02T22:41:28.274Z" hostname="codespaces-aad2a4" time="0.239">
  <properties/>
  <testcase name="Parameterized constructor should set all fields except statId" classname="com.example.sportsbetting.app.entities.StatTest" time="0.011"/>
  <testcase name="toString() should contain all stat information" classname="com.example.sportsbetting.app.entities.StatTest" time="0.03"/>
  <testcase name="Setters and getters should work correctly" classname="com.example.sportsbetting.app.entities.StatTest" time="0.007"/>
  <testcase name="toString() should handle null values gracefully" classname="com.example.sportsbetting.app.entities.StatTest" time="0.012"/>
  <testcase name="hashCode() should be consistent" classname="com.example.sportsbetting.app.entities.StatTest" time="0.011"/>
  <testcase name="hashCode() should be equal for equal objects" classname="com.example.sportsbetting.app.entities.StatTest" time="0.011"/>
  <testcase name="Constructor with ID should set all fields" classname="com.example.sportsbetting.app.entities.StatTest" time="0.014"/>
  <testcase name="equals() should return true for stats with same content" classname="com.example.sportsbetting.app.entities.StatTest" time="0.011"/>
  <testcase name="equals() should return false for stats with different content" classname="com.example.sportsbetting.app.entities.StatTest" time="0.009"/>
  <testcase name="equals() should return false when compared to different type" classname="com.example.sportsbetting.app.entities.StatTest" time="0.01"/>
  <testcase name="equals() should return true when object is compared to itself" classname="com.example.sportsbetting.app.entities.StatTest" time="0.018"/>
  <testcase name="Should add and delete a stat" classname="com.example.sportsbetting.app.entities.StatTest" time="0.013"/>
  <testcase name="Default constructor should create empty stat" classname="com.example.sportsbetting.app.entities.StatTest" time="0.007"/>
  <testcase name="equals() should return false when compared to null" classname="com.example.sportsbetting.app.entities.StatTest" time="0.011"/>
  <system-out><![CDATA[2025-10-02T22:41:28.083Z  INFO 30096 --- [    Test worker] t.c.s.AnnotationConfigContextLoaderUtils : Could not detect default configuration classes for test class [com.example.sportsbetting.app.entities.StatTest]: StatTest does not declare any static, non-private, non-final, nested classes annotated with @Configuration.
2025-10-02T22:41:28.094Z  INFO 30096 --- [    Test worker] .b.t.c.SpringBootTestContextBootstrapper : Found @SpringBootConfiguration com.example.sportsbetting.Application for test class com.example.sportsbetting.app.entities.StatTest
]]></system-out>
  <system-err><![CDATA[]]></system-err>
</testsuite>
