<?xml version="1.0" encoding="UTF-8"?>
<testsuite name="Fav Entity Tests" tests="1" skipped="0" failures="0" errors="0" timestamp="2025-10-06T22:32:02.817Z" hostname="codespaces-fe7fcc" time="0.105">
  <properties/>
  <testcase name="Parameterized constructor should set userID, teamID, and teamName" classname="com.example.sportsbetting.app.entities.FavTest" time="0.105"/>
  <system-out><![CDATA[2025-10-06T22:32:00.860Z  INFO 54587 --- [    Test worker] t.c.s.AnnotationConfigContextLoaderUtils : Could not detect default configuration classes for test class [com.example.sportsbetting.app.entities.FavTest]: FavTest does not declare any static, non-private, non-final, nested classes annotated with @Configuration.
2025-10-06T22:32:00.881Z  INFO 54587 --- [    Test worker] .b.t.c.SpringBootTestContextBootstrapper : Found @SpringBootConfiguration com.example.sportsbetting.Application for test class com.example.sportsbetting.app.entities.FavTest

  .   ____          _            __ _ _
 /\\ / ___'_ __ _ _(_)_ __  __ _ \ \ \ \
( ( )\___ | '_ | '_| | '_ \/ _` | \ \ \ \
 \\/  ___)| |_)| | | | | || (_| |  ) ) ) )
  '  |____| .__|_| |_|_| |_\__, | / / / /
 =========|_|==============|___/=/_/_/_/

 :: Spring Boot ::       (v3.5.7-SNAPSHOT)

2025-10-06T22:32:00.955Z  INFO 54587 --- [    Test worker] c.e.sportsbetting.app.entities.FavTest   : Starting FavTest using Java 17.0.16 with PID 54587 (started by codespace in /workspaces/project02_backend_RESTAPI)
2025-10-06T22:32:00.955Z  INFO 54587 --- [    Test worker] c.e.sportsbetting.app.entities.FavTest   : The following 1 profile is active: "test"
2025-10-06T22:32:01.321Z  INFO 54587 --- [    Test worker] .s.d.r.c.RepositoryConfigurationDelegate : Bootstrapping Spring Data JPA repositories in DEFAULT mode.
2025-10-06T22:32:01.350Z  INFO 54587 --- [    Test worker] .s.d.r.c.RepositoryConfigurationDelegate : Finished Spring Data repository scanning in 26 ms. Found 5 JPA repository interfaces.
2025-10-06T22:32:01.592Z  INFO 54587 --- [    Test worker] o.hibernate.jpa.internal.util.LogHelper  : HHH000204: Processing PersistenceUnitInfo [name: default]
2025-10-06T22:32:01.598Z  INFO 54587 --- [    Test worker] o.h.c.internal.RegionFactoryInitiator    : HHH000026: Second-level cache disabled
2025-10-06T22:32:01.621Z  INFO 54587 --- [    Test worker] o.s.o.j.p.SpringPersistenceUnitInfo      : No LoadTimeWeaver setup: ignoring JPA class transformer
2025-10-06T22:32:01.623Z  INFO 54587 --- [    Test worker] com.zaxxer.hikari.HikariDataSource       : HikariPool-2 - Starting...
2025-10-06T22:32:01.625Z  INFO 54587 --- [    Test worker] com.zaxxer.hikari.pool.HikariPool        : HikariPool-2 - Added connection conn1: url=jdbc:h2:mem:testdb user=SA
2025-10-06T22:32:01.625Z  INFO 54587 --- [    Test worker] com.zaxxer.hikari.HikariDataSource       : HikariPool-2 - Start completed.
2025-10-06T22:32:01.626Z  WARN 54587 --- [    Test worker] org.hibernate.orm.deprecation            : HHH90000025: H2Dialect does not need to be specified explicitly using 'hibernate.dialect' (remove the property setting and it will be selected by default)
2025-10-06T22:32:01.626Z  INFO 54587 --- [    Test worker] org.hibernate.orm.connections.pooling    : HHH10001005: Database info:
	Database JDBC URL [Connecting through datasource 'HikariDataSource (HikariPool-2)']
	Database driver: undefined/unknown
	Database version: 2.3.232
	Autocommit mode: undefined/unknown
	Isolation level: undefined/unknown
	Minimum pool size: undefined/unknown
	Maximum pool size: undefined/unknown
2025-10-06T22:32:01.727Z  INFO 54587 --- [    Test worker] o.h.e.t.j.p.i.JtaPlatformInitiator       : HHH000489: No JTA platform available (set 'hibernate.transaction.jta.platform' to enable JTA platform integration)
2025-10-06T22:32:01.755Z  INFO 54587 --- [    Test worker] j.LocalContainerEntityManagerFactoryBean : Initialized JPA EntityManagerFactory for persistence unit 'default'
2025-10-06T22:32:01.930Z  WARN 54587 --- [    Test worker] JpaBaseConfiguration$JpaWebConfiguration : spring.jpa.open-in-view is enabled by default. Therefore, database queries may be performed during view rendering. Explicitly configure spring.jpa.open-in-view to disable this warning
2025-10-06T22:32:02.043Z  WARN 54587 --- [    Test worker] ion$DefaultTemplateResolverConfiguration : Cannot find template location: classpath:/templates/ (please add some templates, check your Thymeleaf configuration, or set spring.thymeleaf.check-template-location=false)
2025-10-06T22:32:02.201Z  INFO 54587 --- [    Test worker] c.e.sportsbetting.app.entities.FavTest   : Started FavTest in 1.31 seconds (process running for 10.639)
2025-10-06T22:32:02.220Z  INFO 54587 --- [    Test worker] com.example.sportsbetting.LoadDatabase   : Preloaded 2 users from database script
2025-10-06T22:32:02.251Z  INFO 54587 --- [    Test worker] com.example.sportsbetting.LoadDatabase   : Loaded NBA teams, replacing any existing teams
]]></system-out>
  <system-err><![CDATA[]]></system-err>
</testsuite>
