<?xml version="1.0" encoding="UTF-8"?>
<testsuite name="Home Controller Tests" tests="1" skipped="0" failures="0" errors="0" timestamp="2025-10-06T22:32:04.307Z" hostname="codespaces-fe7fcc" time="0.009">
  <properties/>
  <testcase name="Home route should return NBA season message" classname="com.example.sportsbetting.app.entities.homeTest" time="0.009"/>
  <system-out><![CDATA[2025-10-06T22:32:04.294Z  INFO 54587 --- [    Test worker] t.c.s.AnnotationConfigContextLoaderUtils : Could not detect default configuration classes for test class [com.example.sportsbetting.app.entities.homeTest]: homeTest does not declare any static, non-private, non-final, nested classes annotated with @Configuration.
2025-10-06T22:32:04.300Z  INFO 54587 --- [    Test worker] .b.t.c.SpringBootTestContextBootstrapper : Found @SpringBootConfiguration com.example.sportsbetting.Application for test class com.example.sportsbetting.app.entities.homeTest
]]></system-out>
  <system-err><![CDATA[]]></system-err>
</testsuite>
