<?xml version="1.0" encoding="UTF-8"?>
<testsuite name="Home Controller Tests" tests="1" skipped="0" failures="0" errors="0" timestamp="2025-10-09T23:24:18.962Z" hostname="JESUS2025" time="0.004">
  <properties/>
  <testcase name="Home route should return NBA season message" classname="com.example.sportsbetting.app.entities.homeTest" time="0.004"/>
  <system-out><![CDATA[2025-10-09T16:24:18.954-07:00  INFO 17196 --- [    Test worker] t.c.s.AnnotationConfigContextLoaderUtils : Could not detect default configuration classes for test class [com.example.sportsbetting.app.entities.homeTest]: homeTest does not declare any static, non-private, non-final, nested classes annotated with @Configuration.
2025-10-09T16:24:18.958-07:00  INFO 17196 --- [    Test worker] .b.t.c.SpringBootTestContextBootstrapper : Found @SpringBootConfiguration com.example.sportsbetting.Application for test class com.example.sportsbetting.app.entities.homeTest
]]></system-out>
  <system-err><![CDATA[]]></system-err>
</testsuite>
