<?xml version="1.0" encoding="UTF-8"?>
<testsuite name="Game Entity Tests" tests="14" skipped="0" failures="0" errors="0" timestamp="2025-10-02T21:00:37.122Z" hostname="codespaces-aad2a4" time="0.458">
  <properties/>
  <testcase name="Parameterized constructor should set date, hometeamID, and awayteamID" classname="com.example.sportsbetting.app.entities.GameTest" time="0.085"/>
  <testcase name="toString() should contain all game information" classname="com.example.sportsbetting.app.entities.GameTest" time="0.037"/>
  <testcase name="Setters and getters should work correctly" classname="com.example.sportsbetting.app.entities.GameTest" time="0.019"/>
  <testcase name="toString() should handle null values gracefully" classname="com.example.sportsbetting.app.entities.GameTest" time="0.023"/>
  <testcase name="hashCode() should be consistent" classname="com.example.sportsbetting.app.entities.GameTest" time="0.016"/>
  <testcase name="hashCode() should be equal for equal objects" classname="com.example.sportsbetting.app.entities.GameTest" time="0.016"/>
  <testcase name="Constructor with ID should set all fields" classname="com.example.sportsbetting.app.entities.GameTest" time="0.025"/>
  <testcase name="equals() should return true for games with same content" classname="com.example.sportsbetting.app.entities.GameTest" time="0.014"/>
  <testcase name="equals() should return false for games with different content" classname="com.example.sportsbetting.app.entities.GameTest" time="0.019"/>
  <testcase name="equals() should return false when compared to different type" classname="com.example.sportsbetting.app.entities.GameTest" time="0.011"/>
  <testcase name="equals() should return true when object is compared to itself" classname="com.example.sportsbetting.app.entities.GameTest" time="0.011"/>
  <testcase name="Should add and delete a game" classname="com.example.sportsbetting.app.entities.GameTest" time="0.075"/>
  <testcase name="Default constructor should create empty game" classname="com.example.sportsbetting.app.entities.GameTest" time="0.017"/>
  <testcase name="equals() should return false when compared to null" classname="com.example.sportsbetting.app.entities.GameTest" time="0.016"/>
  <system-out><![CDATA[2025-10-02T21:00:35.450Z  INFO 184843 --- [    Test worker] t.c.s.AnnotationConfigContextLoaderUtils : Could not detect default configuration classes for test class [com.example.sportsbetting.app.entities.GameTest]: GameTest does not declare any static, non-private, non-final, nested classes annotated with @Configuration.
2025-10-02T21:00:35.476Z  INFO 184843 --- [    Test worker] .b.t.c.SpringBootTestContextBootstrapper : Found @SpringBootConfiguration com.example.sportsbetting.Application for test class com.example.sportsbetting.app.entities.GameTest

  .   ____          _            __ _ _
 /\\ / ___'_ __ _ _(_)_ __  __ _ \ \ \ \
( ( )\___ | '_ | '_| | '_ \/ _` | \ \ \ \
 \\/  ___)| |_)| | | | | || (_| |  ) ) ) )
  '  |____| .__|_| |_|_| |_\__, | / / / /
 =========|_|==============|___/=/_/_/_/

 :: Spring Boot ::       (v3.5.7-SNAPSHOT)

2025-10-02T21:00:35.536Z  INFO 184843 --- [    Test worker] c.e.sportsbetting.app.entities.GameTest  : Starting GameTest using Java 17.0.16 with PID 184843 (started by codespace in /workspaces/project02_backend_RESTAPI)
2025-10-02T21:00:35.539Z  INFO 184843 --- [    Test worker] c.e.sportsbetting.app.entities.GameTest  : The following 1 profile is active: "test"
2025-10-02T21:00:35.745Z  INFO 184843 --- [    Test worker] .s.d.r.c.RepositoryConfigurationDelegate : Bootstrapping Spring Data JPA repositories in DEFAULT mode.
2025-10-02T21:00:35.765Z  INFO 184843 --- [    Test worker] .s.d.r.c.RepositoryConfigurationDelegate : Finished Spring Data repository scanning in 17 ms. Found 4 JPA repository interfaces.
2025-10-02T21:00:35.941Z  INFO 184843 --- [    Test worker] o.hibernate.jpa.internal.util.LogHelper  : HHH000204: Processing PersistenceUnitInfo [name: default]
2025-10-02T21:00:35.948Z  INFO 184843 --- [    Test worker] o.h.c.internal.RegionFactoryInitiator    : HHH000026: Second-level cache disabled
2025-10-02T21:00:35.965Z  INFO 184843 --- [    Test worker] o.s.o.j.p.SpringPersistenceUnitInfo      : No LoadTimeWeaver setup: ignoring JPA class transformer
2025-10-02T21:00:35.967Z  INFO 184843 --- [    Test worker] com.zaxxer.hikari.HikariDataSource       : HikariPool-2 - Starting...
2025-10-02T21:00:35.969Z  INFO 184843 --- [    Test worker] com.zaxxer.hikari.pool.HikariPool        : HikariPool-2 - Added connection conn1: url=jdbc:h2:mem:testdb user=SA
2025-10-02T21:00:35.969Z  INFO 184843 --- [    Test worker] com.zaxxer.hikari.HikariDataSource       : HikariPool-2 - Start completed.
2025-10-02T21:00:35.971Z  WARN 184843 --- [    Test worker] org.hibernate.orm.deprecation            : HHH90000025: H2Dialect does not need to be specified explicitly using 'hibernate.dialect' (remove the property setting and it will be selected by default)
2025-10-02T21:00:35.972Z  INFO 184843 --- [    Test worker] org.hibernate.orm.connections.pooling    : HHH10001005: Database info:
	Database JDBC URL [Connecting through datasource 'HikariDataSource (HikariPool-2)']
	Database driver: undefined/unknown
	Database version: 2.3.232
	Autocommit mode: undefined/unknown
	Isolation level: undefined/unknown
	Minimum pool size: undefined/unknown
	Maximum pool size: undefined/unknown
2025-10-02T21:00:36.050Z  INFO 184843 --- [    Test worker] o.h.e.t.j.p.i.JtaPlatformInitiator       : HHH000489: No JTA platform available (set 'hibernate.transaction.jta.platform' to enable JTA platform integration)
2025-10-02T21:00:36.071Z  INFO 184843 --- [    Test worker] j.LocalContainerEntityManagerFactoryBean : Initialized JPA EntityManagerFactory for persistence unit 'default'
2025-10-02T21:00:36.219Z  WARN 184843 --- [    Test worker] JpaBaseConfiguration$JpaWebConfiguration : spring.jpa.open-in-view is enabled by default. Therefore, database queries may be performed during view rendering. Explicitly configure spring.jpa.open-in-view to disable this warning
2025-10-02T21:00:36.386Z  WARN 184843 --- [    Test worker] ion$DefaultTemplateResolverConfiguration : Cannot find template location: classpath:/templates/ (please add some templates, check your Thymeleaf configuration, or set spring.thymeleaf.check-template-location=false)
2025-10-02T21:00:36.546Z  INFO 184843 --- [    Test worker] c.e.sportsbetting.app.entities.GameTest  : Started GameTest in 1.061 seconds (process running for 11.386)
2025-10-02T21:00:36.563Z  INFO 184843 --- [    Test worker] com.example.sportsbetting.LoadDatabase   : Preloaded 2 users from database script
2025-10-02T21:00:36.588Z  INFO 184843 --- [    Test worker] com.example.sportsbetting.LoadDatabase   : Loaded NBA teams, replacing any existing teams
2025-10-02T21:00:36.615Z  INFO 184843 --- [    Test worker] com.example.sportsbetting.LoadDatabase   : Preloaded 6 team stats from database script
2025-10-02T21:00:36.630Z  INFO 184843 --- [    Test worker] com.example.sportsbetting.LoadDatabase   : Preloaded 5 games from database script
]]></system-out>
  <system-err><![CDATA[]]></system-err>
</testsuite>
