<?xml version="1.0" encoding="UTF-8"?>
<testsuite name="com.example.sportsbetting.app.ApplicationTests" tests="1" skipped="0" failures="0" errors="0" timestamp="2025-10-01T02:01:39.508Z" hostname="codespaces-ec1ca7" time="0.567">
  <properties/>
  <testcase name="contextLoads()" classname="com.example.sportsbetting.app.ApplicationTests" time="0.567"/>
  <system-out><![CDATA[02:01:31.929 [Test worker] INFO org.springframework.test.context.support.AnnotationConfigContextLoaderUtils -- Could not detect default configuration classes for test class [com.example.sportsbetting.app.ApplicationTests]: ApplicationTests does not declare any static, non-private, non-final, nested classes annotated with @Configuration.
02:01:32.119 [Test worker] INFO org.springframework.boot.test.context.SpringBootTestContextBootstrapper -- Found @SpringBootConfiguration com.example.sportsbetting.Application for test class com.example.sportsbetting.app.ApplicationTests

  .   ____          _            __ _ _
 /\\ / ___'_ __ _ _(_)_ __  __ _ \ \ \ \
( ( )\___ | '_ | '_| | '_ \/ _` | \ \ \ \
 \\/  ___)| |_)| | | | | || (_| |  ) ) ) )
  '  |____| .__|_| |_|_| |_\__, | / / / /
 =========|_|==============|___/=/_/_/_/

 :: Spring Boot ::       (v3.5.7-SNAPSHOT)

2025-10-01T02:01:32.876Z  INFO 37874 --- [app] [    Test worker] c.e.sportsbetting.app.ApplicationTests   : Starting ApplicationTests using Java 17.0.16 with PID 37874 (started by codespace in /workspaces/project02_backend_RESTAPI)
2025-10-01T02:01:32.881Z  INFO 37874 --- [app] [    Test worker] c.e.sportsbetting.app.ApplicationTests   : No active profile set, falling back to 1 default profile: "default"
2025-10-01T02:01:33.930Z  INFO 37874 --- [app] [    Test worker] .s.d.r.c.RepositoryConfigurationDelegate : Bootstrapping Spring Data JPA repositories in DEFAULT mode.
2025-10-01T02:01:34.001Z  INFO 37874 --- [app] [    Test worker] .s.d.r.c.RepositoryConfigurationDelegate : Finished Spring Data repository scanning in 59 ms. Found 1 JPA repository interface.
2025-10-01T02:01:34.707Z  INFO 37874 --- [app] [    Test worker] o.hibernate.jpa.internal.util.LogHelper  : HHH000204: Processing PersistenceUnitInfo [name: default]
2025-10-01T02:01:34.757Z  INFO 37874 --- [app] [    Test worker] org.hibernate.Version                    : HHH000412: Hibernate ORM core version 6.6.29.Final
2025-10-01T02:01:34.801Z  INFO 37874 --- [app] [    Test worker] o.h.c.internal.RegionFactoryInitiator    : HHH000026: Second-level cache disabled
2025-10-01T02:01:35.122Z  INFO 37874 --- [app] [    Test worker] o.s.o.j.p.SpringPersistenceUnitInfo      : No LoadTimeWeaver setup: ignoring JPA class transformer
2025-10-01T02:01:35.158Z  INFO 37874 --- [app] [    Test worker] com.zaxxer.hikari.HikariDataSource       : HikariPool-1 - Starting...
2025-10-01T02:01:36.416Z  INFO 37874 --- [app] [    Test worker] com.zaxxer.hikari.pool.HikariPool        : HikariPool-1 - Added connection com.mysql.cj.jdbc.ConnectionImpl@4ff074a0
2025-10-01T02:01:36.418Z  INFO 37874 --- [app] [    Test worker] com.zaxxer.hikari.HikariDataSource       : HikariPool-1 - Start completed.
2025-10-01T02:01:36.595Z  WARN 37874 --- [app] [    Test worker] org.hibernate.orm.deprecation            : HHH90000025: MySQLDialect does not need to be specified explicitly using 'hibernate.dialect' (remove the property setting and it will be selected by default)
2025-10-01T02:01:36.616Z  INFO 37874 --- [app] [    Test worker] org.hibernate.orm.connections.pooling    : HHH10001005: Database info:
	Database JDBC URL [Connecting through datasource 'HikariDataSource (HikariPool-1)']
	Database driver: undefined/unknown
	Database version: 8.0.40
	Autocommit mode: undefined/unknown
	Isolation level: undefined/unknown
	Minimum pool size: undefined/unknown
	Maximum pool size: undefined/unknown
2025-10-01T02:01:37.548Z  INFO 37874 --- [app] [    Test worker] o.h.e.t.j.p.i.JtaPlatformInitiator       : HHH000489: No JTA platform available (set 'hibernate.transaction.jta.platform' to enable JTA platform integration)
2025-10-01T02:01:37.867Z  INFO 37874 --- [app] [    Test worker] j.LocalContainerEntityManagerFactoryBean : Initialized JPA EntityManagerFactory for persistence unit 'default'
2025-10-01T02:01:38.400Z  WARN 37874 --- [app] [    Test worker] JpaBaseConfiguration$JpaWebConfiguration : spring.jpa.open-in-view is enabled by default. Therefore, database queries may be performed during view rendering. Explicitly configure spring.jpa.open-in-view to disable this warning
2025-10-01T02:01:38.775Z  WARN 37874 --- [app] [    Test worker] ion$DefaultTemplateResolverConfiguration : Cannot find template location: classpath:/templates/ (please add some templates, check your Thymeleaf configuration, or set spring.thymeleaf.check-template-location=false)
2025-10-01T02:01:38.996Z  INFO 37874 --- [app] [    Test worker] c.e.sportsbetting.app.ApplicationTests   : Started ApplicationTests in 6.658 seconds (process running for 8.527)
Hibernate: select u1_0.id,u1_0.email,u1_0.user_name,u1_0.user_password from user u1_0 where u1_0.user_name=?
Hibernate: select u1_0.id,u1_0.email,u1_0.user_name,u1_0.user_password from user u1_0 where u1_0.email=?
2025-10-01T02:01:39.356Z  INFO 37874 --- [app] [    Test worker] com.example.sportsbetting.LoadDatabase   : Skipping preload. Existing user conflict: userName & email
Hibernate: select u1_0.id,u1_0.email,u1_0.user_name,u1_0.user_password from user u1_0 where u1_0.user_name=?
Hibernate: select u1_0.id,u1_0.email,u1_0.user_name,u1_0.user_password from user u1_0 where u1_0.email=?
2025-10-01T02:01:39.494Z  INFO 37874 --- [app] [    Test worker] com.example.sportsbetting.LoadDatabase   : Skipping preload. Existing user conflict: userName & email
]]></system-out>
  <system-err><![CDATA[]]></system-err>
</testsuite>
