<?xml version="1.0" encoding="UTF-8"?>
<testsuite name="Favorite Search Tests" tests="1" skipped="0" failures="0" errors="0" timestamp="2025-10-06T22:32:04.318Z" hostname="codespaces-fe7fcc" time="0.003">
  <properties/>
  <testcase name="Search Favorite by User ID" classname="com.example.sportsbetting.app.repositories.FavSearchTest" time="0.003"/>
  <system-out><![CDATA[]]></system-out>
  <system-err><![CDATA[]]></system-err>
</testsuite>
