<?xml version="1.0" encoding="UTF-8"?>
<testsuite name="Game Entity Tests" tests="14" skipped="0" failures="0" errors="0" timestamp="2025-10-02T22:50:16.130Z" hostname="codespaces-aad2a4" time="0.253">
  <properties/>
  <testcase name="Parameterized constructor should set date, hometeamID, and awayteamID" classname="com.example.sportsbetting.app.entities.GameTest" time="0.011"/>
  <testcase name="toString() should contain all game information" classname="com.example.sportsbetting.app.entities.GameTest" time="0.022"/>
  <testcase name="Setters and getters should work correctly" classname="com.example.sportsbetting.app.entities.GameTest" time="0.012"/>
  <testcase name="toString() should handle null values gracefully" classname="com.example.sportsbetting.app.entities.GameTest" time="0.017"/>
  <testcase name="hashCode() should be consistent" classname="com.example.sportsbetting.app.entities.GameTest" time="0.014"/>
  <testcase name="hashCode() should be equal for equal objects" classname="com.example.sportsbetting.app.entities.GameTest" time="0.014"/>
  <testcase name="Constructor with ID should set all fields" classname="com.example.sportsbetting.app.entities.GameTest" time="0.012"/>
  <testcase name="equals() should return true for games with same content" classname="com.example.sportsbetting.app.entities.GameTest" time="0.012"/>
  <testcase name="equals() should return false for games with different content" classname="com.example.sportsbetting.app.entities.GameTest" time="0.014"/>
  <testcase name="equals() should return false when compared to different type" classname="com.example.sportsbetting.app.entities.GameTest" time="0.026"/>
  <testcase name="equals() should return true when object is compared to itself" classname="com.example.sportsbetting.app.entities.GameTest" time="0.015"/>
  <testcase name="Should add and delete a game" classname="com.example.sportsbetting.app.entities.GameTest" time="0.023"/>
  <testcase name="Default constructor should create empty game" classname="com.example.sportsbetting.app.entities.GameTest" time="0.011"/>
  <testcase name="equals() should return false when compared to null" classname="com.example.sportsbetting.app.entities.GameTest" time="0.01"/>
  <system-out><![CDATA[2025-10-02T22:50:15.886Z  INFO 35283 --- [    Test worker] t.c.s.AnnotationConfigContextLoaderUtils : Could not detect default configuration classes for test class [com.example.sportsbetting.app.entities.GameTest]: GameTest does not declare any static, non-private, non-final, nested classes annotated with @Configuration.
2025-10-02T22:50:15.901Z  INFO 35283 --- [    Test worker] .b.t.c.SpringBootTestContextBootstrapper : Found @SpringBootConfiguration com.example.sportsbetting.Application for test class com.example.sportsbetting.app.entities.GameTest
]]></system-out>
  <system-err><![CDATA[]]></system-err>
</testsuite>
