<?xml version="1.0" encoding="UTF-8"?>
<testsuite name="Game Search Tests" tests="1" skipped="0" failures="0" errors="0" timestamp="2025-10-06T22:32:04.323Z" hostname="codespaces-fe7fcc" time="0.002">
  <properties/>
  <testcase name="Search Game by Date" classname="com.example.sportsbetting.app.repositories.GameSearchTest" time="0.002"/>
  <system-out><![CDATA[]]></system-out>
  <system-err><![CDATA[]]></system-err>
</testsuite>
