<?xml version="1.0" encoding="UTF-8"?>
<testsuite name="com.example.sportsbetting.app.ApplicationTests" tests="1" skipped="0" failures="0" errors="0" timestamp="2025-10-09T23:24:30.638Z" hostname="JESUS2025" time="0.006">
  <properties/>
  <testcase name="contextLoads()" classname="com.example.sportsbetting.app.ApplicationTests" time="0.006"/>
  <system-out><![CDATA[2025-10-09T16:24:18.974-07:00  INFO 17196 --- [    Test worker] t.c.s.AnnotationConfigContextLoaderUtils : Could not detect default configuration classes for test class [com.example.sportsbetting.app.ApplicationTests]: ApplicationTests does not declare any static, non-private, non-final, nested classes annotated with @Configuration.
2025-10-09T16:24:19.010-07:00  INFO 17196 --- [    Test worker] .b.t.c.SpringBootTestContextBootstrapper : Found @SpringBootConfiguration com.example.sportsbetting.Application for test class com.example.sportsbetting.app.ApplicationTests

  .   ____          _            __ _ _
 /\\ / ___'_ __ _ _(_)_ __  __ _ \ \ \ \
( ( )\___ | '_ | '_| | '_ \/ _` | \ \ \ \
 \\/  ___)| |_)| | | | | || (_| |  ) ) ) )
  '  |____| .__|_| |_|_| |_\__, | / / / /
 =========|_|==============|___/=/_/_/_/

 :: Spring Boot ::       (v3.5.7-SNAPSHOT)

2025-10-09T16:24:19.082-07:00  INFO 17196 --- [    Test worker] c.e.sportsbetting.app.ApplicationTests   : Starting ApplicationTests using Java 17.0.16 with PID 17196 (started by garci in C:\Users\garci\OneDrive\Desktop\project02_backend_RESTAPI-main)
2025-10-09T16:24:19.083-07:00  INFO 17196 --- [    Test worker] c.e.sportsbetting.app.ApplicationTests   : No active profile set, falling back to 1 default profile: "default"
2025-10-09T16:24:19.450-07:00  INFO 17196 --- [    Test worker] .s.d.r.c.RepositoryConfigurationDelegate : Bootstrapping Spring Data JPA repositories in DEFAULT mode.
2025-10-09T16:24:19.465-07:00  INFO 17196 --- [    Test worker] .s.d.r.c.RepositoryConfigurationDelegate : Finished Spring Data repository scanning in 11 ms. Found 5 JPA repository interfaces.
2025-10-09T16:24:19.581-07:00  INFO 17196 --- [    Test worker] o.hibernate.jpa.internal.util.LogHelper  : HHH000204: Processing PersistenceUnitInfo [name: default]
2025-10-09T16:24:19.584-07:00  INFO 17196 --- [    Test worker] o.h.c.internal.RegionFactoryInitiator    : HHH000026: Second-level cache disabled
2025-10-09T16:24:19.600-07:00  INFO 17196 --- [    Test worker] o.s.o.j.p.SpringPersistenceUnitInfo      : No LoadTimeWeaver setup: ignoring JPA class transformer
2025-10-09T16:24:19.602-07:00  INFO 17196 --- [    Test worker] com.zaxxer.hikari.HikariDataSource       : HikariPool-2 - Starting...
2025-10-09T16:24:21.187-07:00  INFO 17196 --- [    Test worker] com.zaxxer.hikari.pool.HikariPool        : HikariPool-2 - Added connection com.mysql.cj.jdbc.ConnectionImpl@7988fd6e
2025-10-09T16:24:21.188-07:00  INFO 17196 --- [    Test worker] com.zaxxer.hikari.HikariDataSource       : HikariPool-2 - Start completed.
2025-10-09T16:24:21.339-07:00  WARN 17196 --- [    Test worker] org.hibernate.orm.deprecation            : HHH90000025: MySQL8Dialect does not need to be specified explicitly using 'hibernate.dialect' (remove the property setting and it will be selected by default)
2025-10-09T16:24:21.342-07:00  WARN 17196 --- [    Test worker] org.hibernate.orm.deprecation            : HHH90000026: MySQL8Dialect has been deprecated; use org.hibernate.dialect.MySQLDialect instead
2025-10-09T16:24:21.350-07:00  INFO 17196 --- [    Test worker] org.hibernate.orm.connections.pooling    : HHH10001005: Database info:
	Database JDBC URL [Connecting through datasource 'HikariDataSource (HikariPool-2)']
	Database driver: undefined/unknown
	Database version: 8.0
	Autocommit mode: undefined/unknown
	Isolation level: undefined/unknown
	Minimum pool size: undefined/unknown
	Maximum pool size: undefined/unknown
2025-10-09T16:24:21.608-07:00  INFO 17196 --- [    Test worker] o.h.e.t.j.p.i.JtaPlatformInitiator       : HHH000489: No JTA platform available (set 'hibernate.transaction.jta.platform' to enable JTA platform integration)
2025-10-09T16:24:23.278-07:00  INFO 17196 --- [    Test worker] j.LocalContainerEntityManagerFactoryBean : Initialized JPA EntityManagerFactory for persistence unit 'default'
2025-10-09T16:24:23.652-07:00  WARN 17196 --- [    Test worker] JpaBaseConfiguration$JpaWebConfiguration : spring.jpa.open-in-view is enabled by default. Therefore, database queries may be performed during view rendering. Explicitly configure spring.jpa.open-in-view to disable this warning
2025-10-09T16:24:23.776-07:00  WARN 17196 --- [    Test worker] ion$DefaultTemplateResolverConfiguration : Cannot find template location: classpath:/templates/ (please add some templates, check your Thymeleaf configuration, or set spring.thymeleaf.check-template-location=false)
2025-10-09T16:24:23.846-07:00  INFO 17196 --- [    Test worker] c.e.sportsbetting.app.ApplicationTests   : Started ApplicationTests in 4.827 seconds (process running for 15.368)
Hibernate: select count(*) from users u1_0
2025-10-09T16:24:24.511-07:00  INFO 17196 --- [    Test worker] com.example.sportsbetting.LoadDatabase   : Users already exist, skipping preload
Hibernate: select count(*) from team t1_0 where t1_0.teamid=?
Hibernate: select t1_0.teamid,t1_0.division,t1_0.conference,t1_0.name from team t1_0 where t1_0.teamid=?
2025-10-09T16:24:25.703-07:00  INFO 17196 --- [    Test worker] com.example.sportsbetting.LoadDatabase   : NBA teams already exist, skipping preload
Hibernate: select s1_0.stat_id,s1_0.assists,s1_0.fgpercent,s1_0.pgpercent,s1_0.rebound,s1_0.teamid,s1_0.team_name,s1_0.turnovers,s1_0.win_percent from stat s1_0 where s1_0.stat_id=?
2025-10-09T16:24:25.910-07:00  WARN 17196 --- [    Test worker] o.h.p.entity.AbstractEntityPersister     : HHH000502: The [team] property of the [com.example.sportsbetting.entities.Stat] entity was modified, but it won't be updated because the property is immutable.
Hibernate: select s1_0.stat_id,s1_0.assists,s1_0.fgpercent,s1_0.pgpercent,s1_0.rebound,s1_0.teamid,s1_0.team_name,s1_0.turnovers,s1_0.win_percent from stat s1_0 where s1_0.stat_id=?
2025-10-09T16:24:26.269-07:00  WARN 17196 --- [    Test worker] o.h.p.entity.AbstractEntityPersister     : HHH000502: The [team] property of the [com.example.sportsbetting.entities.Stat] entity was modified, but it won't be updated because the property is immutable.
Hibernate: select s1_0.stat_id,s1_0.assists,s1_0.fgpercent,s1_0.pgpercent,s1_0.rebound,s1_0.teamid,s1_0.team_name,s1_0.turnovers,s1_0.win_percent from stat s1_0 where s1_0.stat_id=?
2025-10-09T16:24:26.638-07:00  WARN 17196 --- [    Test worker] o.h.p.entity.AbstractEntityPersister     : HHH000502: The [team] property of the [com.example.sportsbetting.entities.Stat] entity was modified, but it won't be updated because the property is immutable.
Hibernate: select s1_0.stat_id,s1_0.assists,s1_0.fgpercent,s1_0.pgpercent,s1_0.rebound,s1_0.teamid,s1_0.team_name,s1_0.turnovers,s1_0.win_percent from stat s1_0 where s1_0.stat_id=?
2025-10-09T16:24:27.040-07:00  WARN 17196 --- [    Test worker] o.h.p.entity.AbstractEntityPersister     : HHH000502: The [team] property of the [com.example.sportsbetting.entities.Stat] entity was modified, but it won't be updated because the property is immutable.
Hibernate: select s1_0.stat_id,s1_0.assists,s1_0.fgpercent,s1_0.pgpercent,s1_0.rebound,s1_0.teamid,s1_0.team_name,s1_0.turnovers,s1_0.win_percent from stat s1_0 where s1_0.stat_id=?
2025-10-09T16:24:27.502-07:00  WARN 17196 --- [    Test worker] o.h.p.entity.AbstractEntityPersister     : HHH000502: The [team] property of the [com.example.sportsbetting.entities.Stat] entity was modified, but it won't be updated because the property is immutable.
Hibernate: select s1_0.stat_id,s1_0.assists,s1_0.fgpercent,s1_0.pgpercent,s1_0.rebound,s1_0.teamid,s1_0.team_name,s1_0.turnovers,s1_0.win_percent from stat s1_0 where s1_0.stat_id=?
2025-10-09T16:24:27.886-07:00  WARN 17196 --- [    Test worker] o.h.p.entity.AbstractEntityPersister     : HHH000502: The [team] property of the [com.example.sportsbetting.entities.Stat] entity was modified, but it won't be updated because the property is immutable.
Hibernate: insert into game (awayteamid,awayteam_name,date,hometeamid,hometeam_name) values (?,?,?,?,?)
Hibernate: insert into game (awayteamid,awayteam_name,date,hometeamid,hometeam_name) values (?,?,?,?,?)
Hibernate: insert into game (awayteamid,awayteam_name,date,hometeamid,hometeam_name) values (?,?,?,?,?)
Hibernate: insert into game (awayteamid,awayteam_name,date,hometeamid,hometeam_name) values (?,?,?,?,?)
Hibernate: insert into game (awayteamid,awayteam_name,date,hometeamid,hometeam_name) values (?,?,?,?,?)
Hibernate: select f1_0.fav,f1_0.teamid,f1_0.team_name,f1_0.userid from fav f1_0 where f1_0.fav=?
2025-10-09T16:24:30.430-07:00  WARN 17196 --- [    Test worker] o.h.p.entity.AbstractEntityPersister     : HHH000502: The [team] property of the [com.example.sportsbetting.entities.Fav] entity was modified, but it won't be updated because the property is immutable.
2025-10-09T16:24:30.430-07:00  WARN 17196 --- [    Test worker] o.h.p.entity.AbstractEntityPersister     : HHH000502: The [user] property of the [com.example.sportsbetting.entities.Fav] entity was modified, but it won't be updated because the property is immutable.
]]></system-out>
  <system-err><![CDATA[]]></system-err>
</testsuite>
